<?xml version="1.0" encoding="UTF-8"?>
<!-- Generated by org.testng.reporters.JUnitReportReporter -->
<testsuite name="scripts.ValidLogin" tests="3" time="15.803" ignored="0" failures="0" timestamp="05 Jul 2017 17:05:21 GMT" skipped="0" hostname="DESKTOP-R83RII6" errors="0">
  <testcase name="testValidLogin" time="14.645" classname="scripts.ValidLogin"/>
  <testcase name="validatepage1" time="0.111" classname="scripts.ValidLogin"/>
  <testcase name="validatepage2" time="1.047" classname="scripts.ValidLogin"/>
</testsuite> <!-- scripts.ValidLogin -->
