<?xml version="1.0" encoding="UTF-8"?>
<!-- Generated by org.testng.reporters.JUnitReportReporter -->
<testsuite name="scripts.InvalidLogin" tests="1" time="25.404" ignored="0" failures="0" timestamp="05 Jul 2017 17:05:21 GMT" skipped="0" hostname="DESKTOP-R83RII6" errors="0">
  <testcase name="testInvalidLogin" time="25.404" classname="scripts.InvalidLogin"/>
</testsuite> <!-- scripts.InvalidLogin -->
